<?xml version="1.0" ?>
<testsuites disabled="0" errors="0" failures="0" name="SST TESTING FRAMEWORKS" tests="126" time="204.971082449">
	<testsuite disabled="0" errors="0" failures="0" name="testsuite_default_ember_ESshmem" skipped="0" tests="126" time="204.971082449">
		<testcase classname="testcase_Ember_ESshmem" name="test_Ember_ESshmem_001_20e886bfb7e3fea793bf0029e431d1a7" time="0.558190" timestamp="2021_0802_18:34:57.329571 utc"/>
		<testcase classname="testcase_Ember_ESshmem" name="test_Ember_ESshmem_002_c4a74c672da38bc35a2cb3480313498d" time="0.934990" timestamp="2021_0802_18:34:57.891863 utc"/>
		<testcase classname="testcase_Ember_ESshmem" name="test_Ember_ESshmem_003_5f6021f216b371bf4d4834218ce3f1bb" time="0.482308" timestamp="2021_0802_18:34:58.830907 utc"/>
		<testcase classname="testcase_Ember_ESshmem" name="test_Ember_ESshmem_004_6eec970b3269d9eb2be6c4f09a9d9080" time="1.140429" timestamp="2021_0802_18:34:59.317273 utc"/>
		<testcase classname="testcase_Ember_ESshmem" name="test_Ember_ESshmem_005_e8cdf1a1a4aa5a7749048c7dcf67ca6a" time="0.534189" timestamp="2021_0802_18:35:00.461790 utc"/>
		<testcase classname="testcase_Ember_ESshmem" name="test_Ember_ESshmem_006_f4b15be14bba163dcb2e4b642a8e3c6b" time="0.790112" timestamp="2021_0802_18:35:01.000094 utc"/>
		<testcase classname="testcase_Ember_ESshmem" name="test_Ember_ESshmem_007_4235171596788b842de423b0460c86bf" time="1.038153" timestamp="2021_0802_18:35:01.794285 utc"/>
		<testcase classname="testcase_Ember_ESshmem" name="test_Ember_ESshmem_008_50014f8db405b6e51a00abfe86d18a1d" time="0.535932" timestamp="2021_0802_18:35:02.836514 utc"/>
		<testcase classname="testcase_Ember_ESshmem" name="test_Ember_ESshmem_009_1ac054980eba5eb13f6207cbeb051ec1" time="0.836461" timestamp="2021_0802_18:35:03.376537 utc"/>
		<testcase classname="testcase_Ember_ESshmem" name="test_Ember_ESshmem_010_99228b3dadbc45188e37e3b75ca6ce2c" time="1.335867" timestamp="2021_0802_18:35:04.217056 utc"/>
		<testcase classname="testcase_Ember_ESshmem" name="test_Ember_ESshmem_011_56897b7251e2e665f33199f82e1e266f" time="0.539315" timestamp="2021_0802_18:35:05.557025 utc"/>
		<testcase classname="testcase_Ember_ESshmem" name="test_Ember_ESshmem_012_23059a7933b94bb77d0d8cfa22e0aa4e" time="0.487623" timestamp="2021_0802_18:35:06.100395 utc"/>
		<testcase classname="testcase_Ember_ESshmem" name="test_Ember_ESshmem_013_063af3e51e2f826e19f23ff10b4c5f18" time="0.782496" timestamp="2021_0802_18:35:06.592108 utc"/>
		<testcase classname="testcase_Ember_ESshmem" name="test_Ember_ESshmem_014_956cd31d0521f9dcaba85af469a68d12" time="19.477739" timestamp="2021_0802_18:35:07.378644 utc"/>
		<testcase classname="testcase_Ember_ESshmem" name="test_Ember_ESshmem_015_d1beb5787ff77daf730c9daae83ede51" time="19.474329" timestamp="2021_0802_18:35:26.860450 utc"/>
		<testcase classname="testcase_Ember_ESshmem" name="test_Ember_ESshmem_016_05ae92ecd0fa12d89b96b8fbfffbe178" time="19.673715" timestamp="2021_0802_18:35:46.338833 utc"/>
		<testcase classname="testcase_Ember_ESshmem" name="test_Ember_ESshmem_017_b13fd8d32deb6af396771612e8dcbc6a" time="2.443796" timestamp="2021_0802_18:36:06.016598 utc"/>
		<testcase classname="testcase_Ember_ESshmem" name="test_Ember_ESshmem_018_bfcbcc3439246ee8bb3b9e1416b023b5" time="0.535552" timestamp="2021_0802_18:36:08.464849 utc"/>
		<testcase classname="testcase_Ember_ESshmem" name="test_Ember_ESshmem_019_96ef09125604ac671e202d0381740c25" time="0.737948" timestamp="2021_0802_18:36:09.004406 utc"/>
		<testcase classname="testcase_Ember_ESshmem" name="test_Ember_ESshmem_020_63c2acc33f4874da276c95f2347fac8d" time="19.374996" timestamp="2021_0802_18:36:09.746451 utc"/>
		<testcase classname="testcase_Ember_ESshmem" name="test_Ember_ESshmem_021_523b7c722410ba2b98dcc36846ff5314" time="19.819061" timestamp="2021_0802_18:36:29.125525 utc"/>
		<testcase classname="testcase_Ember_ESshmem" name="test_Ember_ESshmem_022_1d9cb27f2056df62e8aedc95fdf7796c" time="20.177064" timestamp="2021_0802_18:36:48.948653 utc"/>
		<testcase classname="testcase_Ember_ESshmem" name="test_Ember_ESshmem_023_ab1add1f35f90727eea910bf7e0f81b9" time="2.441028" timestamp="2021_0802_18:37:09.129809 utc"/>
		<testcase classname="testcase_Ember_ESshmem" name="test_Ember_ESshmem_024_2de75935ea9979e9394f939a035740ce" time="0.482711" timestamp="2021_0802_18:37:11.574972 utc"/>
		<testcase classname="testcase_Ember_ESshmem" name="test_Ember_ESshmem_025_0deb75644ef4c5b55526ea13acac9ddf" time="0.639322" timestamp="2021_0802_18:37:12.061783 utc"/>
		<testcase classname="testcase_Ember_ESshmem" name="test_Ember_ESshmem_026_d6c2fbe70743ecc9031e38e09cafaa6e" time="0.487680" timestamp="2021_0802_18:37:12.705183 utc"/>
		<testcase classname="testcase_Ember_ESshmem" name="test_Ember_ESshmem_027_caeb6c8c3f6fd743b585740f6e3d9061" time="0.640018" timestamp="2021_0802_18:37:13.196940 utc"/>
		<testcase classname="testcase_Ember_ESshmem" name="test_Ember_ESshmem_028_7fca3bd3526e00cdad7d54637acf2f39" time="0.533830" timestamp="2021_0802_18:37:13.841098 utc"/>
		<testcase classname="testcase_Ember_ESshmem" name="test_Ember_ESshmem_029_392adc0ace3695154d667a5058987354" time="0.785124" timestamp="2021_0802_18:37:14.379342 utc"/>
		<testcase classname="testcase_Ember_ESshmem" name="test_Ember_ESshmem_030_11fa136c6e5730f03f97c2df2ac025ce" time="0.834638" timestamp="2021_0802_18:37:15.168599 utc"/>
		<testcase classname="testcase_Ember_ESshmem" name="test_Ember_ESshmem_031_1f0d8f7ed71092af5eb66728d370ae38" time="0.484468" timestamp="2021_0802_18:37:16.007549 utc"/>
		<testcase classname="testcase_Ember_ESshmem" name="test_Ember_ESshmem_032_b357e0efaecab3d206b4f8d3cb2c7dd4" time="0.788364" timestamp="2021_0802_18:37:16.496242 utc"/>
		<testcase classname="testcase_Ember_ESshmem" name="test_Ember_ESshmem_033_bf02d08d8b5b22aa1099cd3467706e85" time="0.938213" timestamp="2021_0802_18:37:17.288711 utc"/>
		<testcase classname="testcase_Ember_ESshmem" name="test_Ember_ESshmem_034_90c12d7662800886091a47fbdfde7163" time="0.482370" timestamp="2021_0802_18:37:18.231009 utc"/>
		<testcase classname="testcase_Ember_ESshmem" name="test_Ember_ESshmem_035_3baeef25ec6a74a92ea77394b2352c73" time="0.989920" timestamp="2021_0802_18:37:18.717446 utc"/>
		<testcase classname="testcase_Ember_ESshmem" name="test_Ember_ESshmem_036_069e097dc752bdd149b0030377dcd9cc" time="1.033334" timestamp="2021_0802_18:37:19.711420 utc"/>
		<testcase classname="testcase_Ember_ESshmem" name="test_Ember_ESshmem_037_7c2b015c842bda7609bdd3cd3c39d0ba" time="0.485341" timestamp="2021_0802_18:37:20.748813 utc"/>
		<testcase classname="testcase_Ember_ESshmem" name="test_Ember_ESshmem_038_f55df8a1f4a9fcd6e2b04035137cf354" time="0.987604" timestamp="2021_0802_18:37:21.238222 utc"/>
		<testcase classname="testcase_Ember_ESshmem" name="test_Ember_ESshmem_039_5dd729022a960da0a9ac163d18f88184" time="1.134463" timestamp="2021_0802_18:37:22.229989 utc"/>
		<testcase classname="testcase_Ember_ESshmem" name="test_Ember_ESshmem_040_c7baae57caeb4b68703225f0a81f71a8" time="0.489498" timestamp="2021_0802_18:37:23.368516 utc"/>
		<testcase classname="testcase_Ember_ESshmem" name="test_Ember_ESshmem_041_15d334d388a4ce0b4c6ad5a744291707" time="0.486286" timestamp="2021_0802_18:37:23.862158 utc"/>
		<testcase classname="testcase_Ember_ESshmem" name="test_Ember_ESshmem_042_e3839497ee5efcbc0e2c02f5aff5e9fa" time="0.483786" timestamp="2021_0802_18:37:24.352555 utc"/>
		<testcase classname="testcase_Ember_ESshmem" name="test_Ember_ESshmem_043_ce495bcfcdec30c37bf956ac9237b5bb" time="0.485847" timestamp="2021_0802_18:37:24.840471 utc"/>
		<testcase classname="testcase_Ember_ESshmem" name="test_Ember_ESshmem_044_10b8a688bf73c255be048643c466d53c" time="0.488329" timestamp="2021_0802_18:37:25.330415 utc"/>
		<testcase classname="testcase_Ember_ESshmem" name="test_Ember_ESshmem_045_220a2bbb0022e7a7edfe41f7381109cc" time="0.481638" timestamp="2021_0802_18:37:25.823303 utc"/>
		<testcase classname="testcase_Ember_ESshmem" name="test_Ember_ESshmem_046_24aa3f67dc3169fdeb12b24133540c40" time="0.482880" timestamp="2021_0802_18:37:26.309041 utc"/>
		<testcase classname="testcase_Ember_ESshmem" name="test_Ember_ESshmem_047_65457bdb91c90a0d5994093f1a032f42" time="0.485792" timestamp="2021_0802_18:37:26.796001 utc"/>
		<testcase classname="testcase_Ember_ESshmem" name="test_Ember_ESshmem_048_f0cad1d67e4c255cb2d1f426b6806371" time="0.486314" timestamp="2021_0802_18:37:27.286321 utc"/>
		<testcase classname="testcase_Ember_ESshmem" name="test_Ember_ESshmem_049_8b99377ee1e99b887a79e8dd95ba0e14" time="0.483466" timestamp="2021_0802_18:37:27.776680 utc"/>
		<testcase classname="testcase_Ember_ESshmem" name="test_Ember_ESshmem_050_762328d5d6adafa312ab9c649cfd1aea" time="0.483719" timestamp="2021_0802_18:37:28.264183 utc"/>
		<testcase classname="testcase_Ember_ESshmem" name="test_Ember_ESshmem_051_8a1e3d64ded1d806a170e903521591f4" time="0.487270" timestamp="2021_0802_18:37:28.751936 utc"/>
		<testcase classname="testcase_Ember_ESshmem" name="test_Ember_ESshmem_052_5e38fd7d5d594679d887fee9728e4435" time="0.489783" timestamp="2021_0802_18:37:29.243251 utc"/>
		<testcase classname="testcase_Ember_ESshmem" name="test_Ember_ESshmem_053_641335334c8a3f637d657906f3a7c10e" time="0.482814" timestamp="2021_0802_18:37:29.737139 utc"/>
		<testcase classname="testcase_Ember_ESshmem" name="test_Ember_ESshmem_054_166e5a405187a3cd2672bd9f9e230636" time="0.490263" timestamp="2021_0802_18:37:30.224036 utc"/>
		<testcase classname="testcase_Ember_ESshmem" name="test_Ember_ESshmem_055_bbf096f5c13274e454d1071a21be1ff0" time="0.486749" timestamp="2021_0802_18:37:30.718681 utc"/>
		<testcase classname="testcase_Ember_ESshmem" name="test_Ember_ESshmem_056_03b39041a6953d56d4ab3ed44d3d808f" time="0.483083" timestamp="2021_0802_18:37:31.209493 utc"/>
		<testcase classname="testcase_Ember_ESshmem" name="test_Ember_ESshmem_057_43349e16f8d84e6d6be356c0e295dcc2" time="0.485275" timestamp="2021_0802_18:37:31.696638 utc"/>
		<testcase classname="testcase_Ember_ESshmem" name="test_Ember_ESshmem_058_1d4b31a6677748ed649a0dad981f44f1" time="0.488439" timestamp="2021_0802_18:37:32.185952 utc"/>
		<testcase classname="testcase_Ember_ESshmem" name="test_Ember_ESshmem_059_5889dd20792ae804f6621a40ce618990" time="0.486491" timestamp="2021_0802_18:37:32.678462 utc"/>
		<testcase classname="testcase_Ember_ESshmem" name="test_Ember_ESshmem_060_dd79e49a68939928072188bba6f57249" time="0.483511" timestamp="2021_0802_18:37:33.168979 utc"/>
		<testcase classname="testcase_Ember_ESshmem" name="test_Ember_ESshmem_061_fed6c149bcf87264b06fe224e59e1e9d" time="0.485337" timestamp="2021_0802_18:37:33.656574 utc"/>
		<testcase classname="testcase_Ember_ESshmem" name="test_Ember_ESshmem_062_ca0d18bb4120ac55076dc8e06162eace" time="0.489158" timestamp="2021_0802_18:37:34.145987 utc"/>
		<testcase classname="testcase_Ember_ESshmem" name="test_Ember_ESshmem_063_67512825a65816363335bd86cd23044f" time="0.486147" timestamp="2021_0802_18:37:34.639280 utc"/>
		<testcase classname="testcase_Ember_ESshmem" name="test_Ember_ESshmem_064_cf6baf07c1dc268f5a18c56cea05a7c0" time="0.488763" timestamp="2021_0802_18:37:35.129460 utc"/>
		<testcase classname="testcase_Ember_ESshmem" name="test_Ember_ESshmem_065_e800535bfb11bef3874730b4031b2f5a" time="0.432522" timestamp="2021_0802_18:37:35.622293 utc"/>
		<testcase classname="testcase_Ember_ESshmem" name="test_Ember_ESshmem_066_7dc7594c195ea2175045f2cde4305e03" time="0.489967" timestamp="2021_0802_18:37:36.058982 utc"/>
		<testcase classname="testcase_Ember_ESshmem" name="test_Ember_ESshmem_067_447d697538f54ab583eaf945c6fcec67" time="0.487567" timestamp="2021_0802_18:37:36.553018 utc"/>
		<testcase classname="testcase_Ember_ESshmem" name="test_Ember_ESshmem_068_380531d42f55da530db1700f3ca56e53" time="0.481894" timestamp="2021_0802_18:37:37.044657 utc"/>
		<testcase classname="testcase_Ember_ESshmem" name="test_Ember_ESshmem_069_5999458e5744c2ef1c5e093052167909" time="0.482566" timestamp="2021_0802_18:37:37.530555 utc"/>
		<testcase classname="testcase_Ember_ESshmem" name="test_Ember_ESshmem_070_dce10c52a0044b4bbe8b8156a54f9abb" time="0.488917" timestamp="2021_0802_18:37:38.017189 utc"/>
		<testcase classname="testcase_Ember_ESshmem" name="test_Ember_ESshmem_071_0ec0a744056ca006c3c32d1713e37bc4" time="0.432685" timestamp="2021_0802_18:37:38.510184 utc"/>
		<testcase classname="testcase_Ember_ESshmem" name="test_Ember_ESshmem_072_79bb3f25e52aa82a26a5c8f0f2220f78" time="0.486260" timestamp="2021_0802_18:37:38.947066 utc"/>
		<testcase classname="testcase_Ember_ESshmem" name="test_Ember_ESshmem_073_9568ccf105c1194097791b215b5f9ce3" time="0.488938" timestamp="2021_0802_18:37:39.437360 utc"/>
		<testcase classname="testcase_Ember_ESshmem" name="test_Ember_ESshmem_074_db2fd0c64381e8be1bb1c5833c5565a9" time="0.486328" timestamp="2021_0802_18:37:39.930366 utc"/>
		<testcase classname="testcase_Ember_ESshmem" name="test_Ember_ESshmem_075_d9aa42f978cd1b02745830c0278eb1ac" time="0.483634" timestamp="2021_0802_18:37:40.420743 utc"/>
		<testcase classname="testcase_Ember_ESshmem" name="test_Ember_ESshmem_076_bfcc8f71df02f5fcff4dbf5884502821" time="0.489360" timestamp="2021_0802_18:37:40.908436 utc"/>
		<testcase classname="testcase_Ember_ESshmem" name="test_Ember_ESshmem_077_4a11045ae8800841eb55287da0c1a526" time="0.486674" timestamp="2021_0802_18:37:41.401882 utc"/>
		<testcase classname="testcase_Ember_ESshmem" name="test_Ember_ESshmem_078_5ae0e0bbb821c1d28bb75cf85016a3aa" time="0.483798" timestamp="2021_0802_18:37:41.892621 utc"/>
		<testcase classname="testcase_Ember_ESshmem" name="test_Ember_ESshmem_079_e016c98b90ae3b39114dd9b6a7db202a" time="0.489220" timestamp="2021_0802_18:37:42.380448 utc"/>
		<testcase classname="testcase_Ember_ESshmem" name="test_Ember_ESshmem_080_03f2b1fed5dcd9847a701237c754249a" time="0.486736" timestamp="2021_0802_18:37:42.873732 utc"/>
		<testcase classname="testcase_Ember_ESshmem" name="test_Ember_ESshmem_081_b5107315bd48cb43a7823762ebb9531b" time="0.483634" timestamp="2021_0802_18:37:43.364534 utc"/>
		<testcase classname="testcase_Ember_ESshmem" name="test_Ember_ESshmem_082_ccf9f70aca6488302d4eed5048e105b1" time="0.485505" timestamp="2021_0802_18:37:43.852219 utc"/>
		<testcase classname="testcase_Ember_ESshmem" name="test_Ember_ESshmem_083_5de6e46cda20c5f0703812b2ad16ce00" time="0.488611" timestamp="2021_0802_18:37:44.341801 utc"/>
		<testcase classname="testcase_Ember_ESshmem" name="test_Ember_ESshmem_084_313eaa178de1b726836e6607cf248d41" time="0.486199" timestamp="2021_0802_18:37:44.834456 utc"/>
		<testcase classname="testcase_Ember_ESshmem" name="test_Ember_ESshmem_085_719e71be0c765f6ec685a849231a7e28" time="0.487897" timestamp="2021_0802_18:37:45.324775 utc"/>
		<testcase classname="testcase_Ember_ESshmem" name="test_Ember_ESshmem_086_825f62f6f600ba298326bdf69b5f52a4" time="0.483566" timestamp="2021_0802_18:37:45.817192 utc"/>
		<testcase classname="testcase_Ember_ESshmem" name="test_Ember_ESshmem_087_4235c525fdbab9153eb7a4056f9aab07" time="0.489277" timestamp="2021_0802_18:37:46.304846 utc"/>
		<testcase classname="testcase_Ember_ESshmem" name="test_Ember_ESshmem_088_31e15481b0a69e931f817a611bd186b4" time="0.482980" timestamp="2021_0802_18:37:46.798192 utc"/>
		<testcase classname="testcase_Ember_ESshmem" name="test_Ember_ESshmem_089_864398304944133f57f3301b923e64c2" time="0.489672" timestamp="2021_0802_18:37:47.285236 utc"/>
		<testcase classname="testcase_Ember_ESshmem" name="test_Ember_ESshmem_090_125a174d8ec68607a400ccd08a106912" time="0.485435" timestamp="2021_0802_18:37:47.779476 utc"/>
		<testcase classname="testcase_Ember_ESshmem" name="test_Ember_ESshmem_091_83da2374016bc103d7e1c476381780ab" time="0.435315" timestamp="2021_0802_18:37:48.268965 utc"/>
		<testcase classname="testcase_Ember_ESshmem" name="test_Ember_ESshmem_092_1adfd7ab5d105f65f194978755fa4008" time="0.487434" timestamp="2021_0802_18:37:48.708317 utc"/>
		<testcase classname="testcase_Ember_ESshmem" name="test_Ember_ESshmem_093_94ce7bc42c41226c3a3620a7196c34b6" time="0.482191" timestamp="2021_0802_18:37:49.199825 utc"/>
		<testcase classname="testcase_Ember_ESshmem" name="test_Ember_ESshmem_094_d976a31edc85f5f668c3e8c930a7444f" time="0.486592" timestamp="2021_0802_18:37:49.686082 utc"/>
		<testcase classname="testcase_Ember_ESshmem" name="test_Ember_ESshmem_095_61c31e462ae319be2afe7917c2cf8261" time="0.433452" timestamp="2021_0802_18:37:50.176745 utc"/>
		<testcase classname="testcase_Ember_ESshmem" name="test_Ember_ESshmem_096_1876d545867933035e3edae51ebb6922" time="0.538750" timestamp="2021_0802_18:37:50.614232 utc"/>
		<testcase classname="testcase_Ember_ESshmem" name="test_Ember_ESshmem_097_908a279f134958d01d357c1816c62ee7" time="0.487141" timestamp="2021_0802_18:37:51.157066 utc"/>
		<testcase classname="testcase_Ember_ESshmem" name="test_Ember_ESshmem_098_4a7ea790ab15c1d2c9298849fdc282cb" time="0.483393" timestamp="2021_0802_18:37:51.648293 utc"/>
		<testcase classname="testcase_Ember_ESshmem" name="test_Ember_ESshmem_099_99a9a8ef68701329f999b0b0850e1400" time="0.485611" timestamp="2021_0802_18:37:52.135755 utc"/>
		<testcase classname="testcase_Ember_ESshmem" name="test_Ember_ESshmem_100_4e01cc0a88838054e775aa7a4141af13" time="0.484670" timestamp="2021_0802_18:37:52.625458 utc"/>
		<testcase classname="testcase_Ember_ESshmem" name="test_Ember_ESshmem_101_56133053efeae3d7ef74bc7aa66a0d06" time="0.486441" timestamp="2021_0802_18:37:53.114192 utc"/>
		<testcase classname="testcase_Ember_ESshmem" name="test_Ember_ESshmem_102_7d42508b20ce6b4391751a06df3df00a" time="0.483750" timestamp="2021_0802_18:37:53.604715 utc"/>
		<testcase classname="testcase_Ember_ESshmem" name="test_Ember_ESshmem_103_1b34b05061c5058070a612445bc899d8" time="0.433149" timestamp="2021_0802_18:37:54.092511 utc"/>
		<testcase classname="testcase_Ember_ESshmem" name="test_Ember_ESshmem_104_67b4ce7286191bee72842b4950479a2c" time="0.483665" timestamp="2021_0802_18:37:54.529712 utc"/>
		<testcase classname="testcase_Ember_ESshmem" name="test_Ember_ESshmem_105_a674ea20bd174b74dedee21fd43e16bc" time="0.483310" timestamp="2021_0802_18:37:55.017418 utc"/>
		<testcase classname="testcase_Ember_ESshmem" name="test_Ember_ESshmem_106_cd86b5412ea0b0890cd0f92ebfcd83a6" time="0.489522" timestamp="2021_0802_18:37:55.504801 utc"/>
		<testcase classname="testcase_Ember_ESshmem" name="test_Ember_ESshmem_107_bc36733b69d250348d7e63a1b193444f" time="0.482481" timestamp="2021_0802_18:37:55.998895 utc"/>
		<testcase classname="testcase_Ember_ESshmem" name="test_Ember_ESshmem_108_3c0038c4be9eda97bc85469641f57aaf" time="0.433201" timestamp="2021_0802_18:37:56.485412 utc"/>
		<testcase classname="testcase_Ember_ESshmem" name="test_Ember_ESshmem_109_1a26ade0ee4de6663481765f67529f2d" time="0.482498" timestamp="2021_0802_18:37:56.923170 utc"/>
		<testcase classname="testcase_Ember_ESshmem" name="test_Ember_ESshmem_110_4ec46ab2f1d6e794b61664833c257f37" time="0.435063" timestamp="2021_0802_18:37:57.409709 utc"/>
		<testcase classname="testcase_Ember_ESshmem" name="test_Ember_ESshmem_111_bed45b3470382f1633ba6b99cf77d9be" time="0.435534" timestamp="2021_0802_18:37:57.848815 utc"/>
		<testcase classname="testcase_Ember_ESshmem" name="test_Ember_ESshmem_112_57a9aee6e6521cac86fdc4507a903307" time="0.834548" timestamp="2021_0802_18:37:58.288369 utc"/>
		<testcase classname="testcase_Ember_ESshmem" name="test_Ember_ESshmem_113_63c7271b0edc55185ef52bb6f848c547" time="0.487023" timestamp="2021_0802_18:37:59.127163 utc"/>
		<testcase classname="testcase_Ember_ESshmem" name="test_Ember_ESshmem_114_4b2fd1f1d9a59ff64aaa4510649525eb" time="0.889962" timestamp="2021_0802_18:37:59.618464 utc"/>
		<testcase classname="testcase_Ember_ESshmem" name="test_Ember_ESshmem_115_d6dd2c35563417f4fb945ad3362ecb9c" time="0.483999" timestamp="2021_0802_18:38:00.512468 utc"/>
		<testcase classname="testcase_Ember_ESshmem" name="test_Ember_ESshmem_116_afa5982dcb8f084e23018629634732e0" time="0.533809" timestamp="2021_0802_18:38:01.000514 utc"/>
		<testcase classname="testcase_Ember_ESshmem" name="test_Ember_ESshmem_117_3c1a798313220a6f398fa72fb7663254" time="0.482840" timestamp="2021_0802_18:38:01.538338 utc"/>
		<testcase classname="testcase_Ember_ESshmem" name="test_Ember_ESshmem_118_c1ca0f5826a8e5131964e070672cab0f" time="0.940063" timestamp="2021_0802_18:38:02.025186 utc"/>
		<testcase classname="testcase_Ember_ESshmem" name="test_Ember_ESshmem_119_cec2296f0ac1370617d72b0db25e346b" time="0.487119" timestamp="2021_0802_18:38:02.969317 utc"/>
		<testcase classname="testcase_Ember_ESshmem" name="test_Ember_ESshmem_120_5a845c05ec78a9ac364731f4a22f30fb" time="15.868529" timestamp="2021_0802_18:38:03.460496 utc"/>
		<testcase classname="testcase_Ember_ESshmem" name="test_Ember_ESshmem_121_80279cde7618ffd8b5073c4e05da2dee" time="0.487228" timestamp="2021_0802_18:38:19.333101 utc"/>
		<testcase classname="testcase_Ember_ESshmem" name="test_Ember_ESshmem_122_8609806b1ae1fe8e47f90ca7e608785f" time="0.535822" timestamp="2021_0802_18:38:19.824441 utc"/>
		<testcase classname="testcase_Ember_ESshmem" name="test_Ember_ESshmem_123_07c8fcaf8265aae176cdd48c226f5719" time="0.481525" timestamp="2021_0802_18:38:20.364433 utc"/>
		<testcase classname="testcase_Ember_ESshmem" name="test_Ember_ESshmem_124_f45cfd58a09cb512bec42a1bb30ca347" time="0.736637" timestamp="2021_0802_18:38:20.850019 utc"/>
		<testcase classname="testcase_Ember_ESshmem" name="test_Ember_ESshmem_125_56d186afacb520f350c17bb40e155a99" time="0.482403" timestamp="2021_0802_18:38:21.590675 utc"/>
		<testcase classname="testcase_Ember_ESshmem" name="test_Ember_ESshmem_126_23b2e8caf4b9ebd8087bbc701937f596" time="0.737239" timestamp="2021_0802_18:38:22.077169 utc"/>
	</testsuite>
</testsuites>
