<?xml version="1.0" ?>
<testsuites disabled="0" errors="0" failures="0" name="SST TESTING FRAMEWORKS" tests="180" time="759.967641115">
	<testsuite disabled="0" errors="0" failures="0" name="testsuite_default_ember_sweep" skipped="0" tests="180" time="759.967641115">
		<testcase classname="testcase_EmberSweep" name="test_EmberSweep_001_f9148701b5882168aef0a43d84f06535" time="132.127640" timestamp="2021_0802_18:22:16.608784 utc"/>
		<testcase classname="testcase_EmberSweep" name="test_EmberSweep_002_0e90c343d7bd6368ebca64220f3db66c" time="78.643241" timestamp="2021_0802_18:24:28.740888 utc"/>
		<testcase classname="testcase_EmberSweep" name="test_EmberSweep_003_2c2c1aa59094b3948fce6f0e3bc696a9" time="13.261024" timestamp="2021_0802_18:25:47.388368 utc"/>
		<testcase classname="testcase_EmberSweep" name="test_EmberSweep_004_91aa1219e84c1087fe994713702563b8" time="13.112728" timestamp="2021_0802_18:26:00.653575 utc"/>
		<testcase classname="testcase_EmberSweep" name="test_EmberSweep_005_115ba9e30906b68930351aa80e66e883" time="21.976207" timestamp="2021_0802_18:26:13.770498 utc"/>
		<testcase classname="testcase_EmberSweep" name="test_EmberSweep_006_fe8bb43695a69f9bf4be80cf167919f3" time="14.464638" timestamp="2021_0802_18:26:35.750941 utc"/>
		<testcase classname="testcase_EmberSweep" name="test_EmberSweep_007_af9d4242ad221525caf7857252ddc8a1" time="9.053370" timestamp="2021_0802_18:26:50.219850 utc"/>
		<testcase classname="testcase_EmberSweep" name="test_EmberSweep_008_6d139a038a7bdd217a1a81a6ba2327af" time="9.351737" timestamp="2021_0802_18:26:59.277465 utc"/>
		<testcase classname="testcase_EmberSweep" name="test_EmberSweep_009_431d47a0e52dededfefc8c9a365eaf48" time="5.796025" timestamp="2021_0802_18:27:08.633419 utc"/>
		<testcase classname="testcase_EmberSweep" name="test_EmberSweep_010_cf46ab95958759929ac1da021083b644" time="3.238050" timestamp="2021_0802_18:27:14.433725 utc"/>
		<testcase classname="testcase_EmberSweep" name="test_EmberSweep_011_42d70a0bf1f40f514ec6e214e1dcad55" time="1.637900" timestamp="2021_0802_18:27:17.675989 utc"/>
		<testcase classname="testcase_EmberSweep" name="test_EmberSweep_012_4cf1a6ff422adbac0b8413ee06e74700" time="1.686879" timestamp="2021_0802_18:27:19.318122 utc"/>
		<testcase classname="testcase_EmberSweep" name="test_EmberSweep_013_0021543ef1e4a1b296a98880b2d1684b" time="2.036217" timestamp="2021_0802_18:27:21.009194 utc"/>
		<testcase classname="testcase_EmberSweep" name="test_EmberSweep_014_4894c19eb908a3dc5d9efa6997c0da43" time="1.688494" timestamp="2021_0802_18:27:23.049633 utc"/>
		<testcase classname="testcase_EmberSweep" name="test_EmberSweep_015_382559dd92121451150eb3150c5a5eb4" time="1.434603" timestamp="2021_0802_18:27:24.742338 utc"/>
		<testcase classname="testcase_EmberSweep" name="test_EmberSweep_016_4aa9e3e7152618b193edf4a6ff59d208" time="1.436868" timestamp="2021_0802_18:27:26.181189 utc"/>
		<testcase classname="testcase_EmberSweep" name="test_EmberSweep_017_4d890426edfedebd1552e37469516ff7" time="0.881955" timestamp="2021_0802_18:27:27.620238 utc"/>
		<testcase classname="testcase_EmberSweep" name="test_EmberSweep_018_d2cfb7f1f71336f17a81de1fedd00b6e" time="0.727772" timestamp="2021_0802_18:27:28.504358 utc"/>
		<testcase classname="testcase_EmberSweep" name="test_EmberSweep_019_9322839b463a9e55b68d1d9e8ddedd19" time="0.577542" timestamp="2021_0802_18:27:29.234255 utc"/>
		<testcase classname="testcase_EmberSweep" name="test_EmberSweep_020_001c82297937bb080fae7a6cdb3f61f4" time="0.577521" timestamp="2021_0802_18:27:29.813983 utc"/>
		<testcase classname="testcase_EmberSweep" name="test_EmberSweep_021_17902bf7775857fbe65e5f57b2f8d72b" time="0.627730" timestamp="2021_0802_18:27:30.393626 utc"/>
		<testcase classname="testcase_EmberSweep" name="test_EmberSweep_022_cb472cf10fb151d7296296ca33e3db93" time="0.577783" timestamp="2021_0802_18:27:31.023574 utc"/>
		<testcase classname="testcase_EmberSweep" name="test_EmberSweep_023_d0e6a39c1019390ceb259cbc787dbb0a" time="0.577724" timestamp="2021_0802_18:27:31.603542 utc"/>
		<testcase classname="testcase_EmberSweep" name="test_EmberSweep_024_8cb23569bf77091b72cf9f1b01aecb88" time="0.581678" timestamp="2021_0802_18:27:32.183404 utc"/>
		<testcase classname="testcase_EmberSweep" name="test_EmberSweep_025_660a7af8cea40110e3600dce9f36fac7" time="0.477610" timestamp="2021_0802_18:27:32.767223 utc"/>
		<testcase classname="testcase_EmberSweep" name="test_EmberSweep_026_19067cfec0e1cc1055dc356df14317f0" time="0.477490" timestamp="2021_0802_18:27:33.246971 utc"/>
		<testcase classname="testcase_EmberSweep" name="test_EmberSweep_027_6cc8cb6e8b89f1b587f37713d1dcc2b4" time="0.477391" timestamp="2021_0802_18:27:33.726591 utc"/>
		<testcase classname="testcase_EmberSweep" name="test_EmberSweep_028_5269c45b7ffc749d8a0846363c088b23" time="0.477398" timestamp="2021_0802_18:27:34.206165 utc"/>
		<testcase classname="testcase_EmberSweep" name="test_EmberSweep_029_fe874889da6d2bdb147a5ca1186ccfc6" time="0.431503" timestamp="2021_0802_18:27:34.685698 utc"/>
		<testcase classname="testcase_EmberSweep" name="test_EmberSweep_030_e55452b6a168ce14f76e318f640249e6" time="0.481515" timestamp="2021_0802_18:27:35.119332 utc"/>
		<testcase classname="testcase_EmberSweep" name="test_EmberSweep_031_17679b71424e99a001a11fd28ccc52b8" time="0.427277" timestamp="2021_0802_18:27:35.602968 utc"/>
		<testcase classname="testcase_EmberSweep" name="test_EmberSweep_032_a5e7fadc6abe02c2e6f54e3513012502" time="0.477360" timestamp="2021_0802_18:27:36.032401 utc"/>
		<testcase classname="testcase_EmberSweep" name="test_EmberSweep_033_bfc69dca082f162993d2e38e9e8877bb" time="17.559812" timestamp="2021_0802_18:27:36.511905 utc"/>
		<testcase classname="testcase_EmberSweep" name="test_EmberSweep_034_1ad3729dc73100046994602d33d666f8" time="9.550261" timestamp="2021_0802_18:27:54.075948 utc"/>
		<testcase classname="testcase_EmberSweep" name="test_EmberSweep_035_8d95197b68b0051907275fc069c71a69" time="1.937798" timestamp="2021_0802_18:28:03.630424 utc"/>
		<testcase classname="testcase_EmberSweep" name="test_EmberSweep_036_712cd6fb0ebc4ea047ab28349ed3d7e8" time="1.485341" timestamp="2021_0802_18:28:05.572451 utc"/>
		<testcase classname="testcase_EmberSweep" name="test_EmberSweep_037_b09246562ad24d0ddabfaae6848af118" time="0.633186" timestamp="2021_0802_18:28:07.061996 utc"/>
		<testcase classname="testcase_EmberSweep" name="test_EmberSweep_038_7dd86e625136f4a6f13e1c459441c28a" time="0.584518" timestamp="2021_0802_18:28:07.699489 utc"/>
		<testcase classname="testcase_EmberSweep" name="test_EmberSweep_039_bdef5ba2f13dc8d41220d0c1b0cc56d2" time="0.484085" timestamp="2021_0802_18:28:08.288262 utc"/>
		<testcase classname="testcase_EmberSweep" name="test_EmberSweep_040_4af81df20e83081566ed0df1e5d29423" time="0.485279" timestamp="2021_0802_18:28:08.776583 utc"/>
		<testcase classname="testcase_EmberSweep" name="test_EmberSweep_041_cbe44583fd5325992ae2396285f9a2e5" time="18.274765" timestamp="2021_0802_18:28:09.266076 utc"/>
		<testcase classname="testcase_EmberSweep" name="test_EmberSweep_042_3126db581e052167173abd660a4b73a2" time="9.902184" timestamp="2021_0802_18:28:27.545096 utc"/>
		<testcase classname="testcase_EmberSweep" name="test_EmberSweep_043_5e3e93d20e6e1c14f48768520169506c" time="1.938909" timestamp="2021_0802_18:28:37.451667 utc"/>
		<testcase classname="testcase_EmberSweep" name="test_EmberSweep_044_940d0e07357334d8aeacbdd5ebf685a8" time="1.534664" timestamp="2021_0802_18:28:39.394827 utc"/>
		<testcase classname="testcase_EmberSweep" name="test_EmberSweep_045_a6e30ee343d328d9cf31dc5d33b0028b" time="0.633525" timestamp="2021_0802_18:28:40.933770 utc"/>
		<testcase classname="testcase_EmberSweep" name="test_EmberSweep_046_e4b5931f8f843946c74305e42c482b39" time="0.634465" timestamp="2021_0802_18:28:41.571693 utc"/>
		<testcase classname="testcase_EmberSweep" name="test_EmberSweep_047_2800136784d7682457016d45f7084058" time="0.484337" timestamp="2021_0802_18:28:42.210385 utc"/>
		<testcase classname="testcase_EmberSweep" name="test_EmberSweep_048_d17fc68182994dbb26261f2602f67f91" time="0.482670" timestamp="2021_0802_18:28:42.699112 utc"/>
		<testcase classname="testcase_EmberSweep" name="test_EmberSweep_049_3135fa10d2b9b80d1d2e392ab8edb94c" time="9.304584" timestamp="2021_0802_18:28:43.186050 utc"/>
		<testcase classname="testcase_EmberSweep" name="test_EmberSweep_050_9e8bc54037e2b467c6042aa863fdf3e4" time="8.753231" timestamp="2021_0802_18:28:52.494836 utc"/>
		<testcase classname="testcase_EmberSweep" name="test_EmberSweep_051_22e053ffd1a25a2bac547b439bf481eb" time="8.698425" timestamp="2021_0802_18:29:01.252112 utc"/>
		<testcase classname="testcase_EmberSweep" name="test_EmberSweep_052_7fd1ecc87d3bf5c932a471d3d04dfb19" time="8.701396" timestamp="2021_0802_18:29:09.954724 utc"/>
		<testcase classname="testcase_EmberSweep" name="test_EmberSweep_053_816cfc39f61ab0b782167b22f5571b2f" time="9.503534" timestamp="2021_0802_18:29:18.660326 utc"/>
		<testcase classname="testcase_EmberSweep" name="test_EmberSweep_054_41ac1ab7567c7be19e4acf85356224cc" time="8.702344" timestamp="2021_0802_18:29:28.168118 utc"/>
		<testcase classname="testcase_EmberSweep" name="test_EmberSweep_055_4e0b6a8c381046d7812e6584391a3dfd" time="9.557202" timestamp="2021_0802_18:29:36.874691 utc"/>
		<testcase classname="testcase_EmberSweep" name="test_EmberSweep_056_7520a9589534dc3399350218f5b5fb9c" time="8.949409" timestamp="2021_0802_18:29:46.436123 utc"/>
		<testcase classname="testcase_EmberSweep" name="test_EmberSweep_057_4652a3a4b4e58a756dbb3658cd6445b0" time="1.434682" timestamp="2021_0802_18:29:55.389742 utc"/>
		<testcase classname="testcase_EmberSweep" name="test_EmberSweep_058_238ff71fbe090af2a8d8365cdfe9015f" time="1.439100" timestamp="2021_0802_18:29:56.828629 utc"/>
		<testcase classname="testcase_EmberSweep" name="test_EmberSweep_059_ed16cde15ad56d11ce820328e6eec983" time="1.435803" timestamp="2021_0802_18:29:58.271983 utc"/>
		<testcase classname="testcase_EmberSweep" name="test_EmberSweep_060_d27ae204723073d310ab5501fe709e46" time="1.483536" timestamp="2021_0802_18:29:59.712293 utc"/>
		<testcase classname="testcase_EmberSweep" name="test_EmberSweep_061_6f44e038b0122d90e55ced962a793ecf" time="1.433173" timestamp="2021_0802_18:30:01.200050 utc"/>
		<testcase classname="testcase_EmberSweep" name="test_EmberSweep_062_68a837238085589e901c2dab260f4a77" time="1.438963" timestamp="2021_0802_18:30:02.637458 utc"/>
		<testcase classname="testcase_EmberSweep" name="test_EmberSweep_063_7180f32fc363f4052e5988df297daabe" time="1.441715" timestamp="2021_0802_18:30:04.080617 utc"/>
		<testcase classname="testcase_EmberSweep" name="test_EmberSweep_064_cd8870938eb94eb9189890625c473c3d" time="1.487992" timestamp="2021_0802_18:30:05.526589 utc"/>
		<testcase classname="testcase_EmberSweep" name="test_EmberSweep_065_e3e3b0fbd245fe264f05e0dfeb3a96f5" time="0.582673" timestamp="2021_0802_18:30:07.018782 utc"/>
		<testcase classname="testcase_EmberSweep" name="test_EmberSweep_066_73a8ce800f6453375e9b600ad7e4fe41" time="0.535111" timestamp="2021_0802_18:30:07.605649 utc"/>
		<testcase classname="testcase_EmberSweep" name="test_EmberSweep_067_f8e0b916448926eed8466820a7eda8fa" time="0.583587" timestamp="2021_0802_18:30:08.145025 utc"/>
		<testcase classname="testcase_EmberSweep" name="test_EmberSweep_068_cd042be76b913d850f8fdff9a2481475" time="0.583644" timestamp="2021_0802_18:30:08.732823 utc"/>
		<testcase classname="testcase_EmberSweep" name="test_EmberSweep_069_e4101cb44c071a6e2c4fb8368ae8bb76" time="0.633576" timestamp="2021_0802_18:30:09.320683 utc"/>
		<testcase classname="testcase_EmberSweep" name="test_EmberSweep_070_4de551b8f36f3ea1453221e9677454c7" time="0.584766" timestamp="2021_0802_18:30:09.958501 utc"/>
		<testcase classname="testcase_EmberSweep" name="test_EmberSweep_071_e6e03c886bf3e4b7ea8653307b6153ee" time="0.636637" timestamp="2021_0802_18:30:10.547628 utc"/>
		<testcase classname="testcase_EmberSweep" name="test_EmberSweep_072_9e4c66ef47cb7876bacecc38ea81ee26" time="0.583857" timestamp="2021_0802_18:30:11.188521 utc"/>
		<testcase classname="testcase_EmberSweep" name="test_EmberSweep_073_8a68d5fd292c49f030bc1ee12a4b8c2a" time="0.484883" timestamp="2021_0802_18:30:11.776634 utc"/>
		<testcase classname="testcase_EmberSweep" name="test_EmberSweep_074_02933097e8d6246b308b72bd04e07fae" time="0.484781" timestamp="2021_0802_18:30:12.265780 utc"/>
		<testcase classname="testcase_EmberSweep" name="test_EmberSweep_075_573c3bf8f3d333a8703849c683dfe9ca" time="0.482500" timestamp="2021_0802_18:30:12.754792 utc"/>
		<testcase classname="testcase_EmberSweep" name="test_EmberSweep_076_23992079780db210569c170fae59484e" time="0.488699" timestamp="2021_0802_18:30:13.241521 utc"/>
		<testcase classname="testcase_EmberSweep" name="test_EmberSweep_077_229645dd3776802dcc44aa5052759745" time="0.482757" timestamp="2021_0802_18:30:13.734456 utc"/>
		<testcase classname="testcase_EmberSweep" name="test_EmberSweep_078_f1806e7f40ee6b65f1a59524436f3e58" time="0.484982" timestamp="2021_0802_18:30:14.221451 utc"/>
		<testcase classname="testcase_EmberSweep" name="test_EmberSweep_079_e35903299970e05df07fe69044b23db7" time="0.484485" timestamp="2021_0802_18:30:14.710689 utc"/>
		<testcase classname="testcase_EmberSweep" name="test_EmberSweep_080_a23d85edc49a8319faea14f6104ed70b" time="0.485850" timestamp="2021_0802_18:30:15.199576 utc"/>
		<testcase classname="testcase_EmberSweep" name="test_EmberSweep_081_a0e9395740e0ba1066d452b7f6150972" time="13.311356" timestamp="2021_0802_18:30:15.689667 utc"/>
		<testcase classname="testcase_EmberSweep" name="test_EmberSweep_082_67c1b7a19eda27856d723cc12310d44d" time="9.401652" timestamp="2021_0802_18:30:29.005224 utc"/>
		<testcase classname="testcase_EmberSweep" name="test_EmberSweep_083_ff2181e1001bbd14be3c8cb87f7424c6" time="1.686731" timestamp="2021_0802_18:30:38.411085 utc"/>
		<testcase classname="testcase_EmberSweep" name="test_EmberSweep_084_3fb0ec79b92ba3a3689a06207090adfe" time="1.485296" timestamp="2021_0802_18:30:40.102021 utc"/>
		<testcase classname="testcase_EmberSweep" name="test_EmberSweep_085_e3e2d8dc599e7a1ab1792babb0906591" time="0.636681" timestamp="2021_0802_18:30:41.591691 utc"/>
		<testcase classname="testcase_EmberSweep" name="test_EmberSweep_086_8890802942e86eacb595645af11af002" time="0.583969" timestamp="2021_0802_18:30:42.232645 utc"/>
		<testcase classname="testcase_EmberSweep" name="test_EmberSweep_087_bc1d4f1314c411bdd4701c48a30690d5" time="0.489295" timestamp="2021_0802_18:30:42.820920 utc"/>
		<testcase classname="testcase_EmberSweep" name="test_EmberSweep_088_332457cfff0bec4e71c8fa34cc3d1a70" time="0.486587" timestamp="2021_0802_18:30:43.314436 utc"/>
		<testcase classname="testcase_EmberSweep" name="test_EmberSweep_089_f1c87034a0fc16ba466ef45968c50c5a" time="12.811874" timestamp="2021_0802_18:30:43.805278 utc"/>
		<testcase classname="testcase_EmberSweep" name="test_EmberSweep_090_b12b4259d49c38f92d3355943c5a1c8e" time="11.304974" timestamp="2021_0802_18:30:56.621375 utc"/>
		<testcase classname="testcase_EmberSweep" name="test_EmberSweep_091_71823203c538cb4c0f68e6acbe70817f" time="10.458625" timestamp="2021_0802_18:31:07.930582 utc"/>
		<testcase classname="testcase_EmberSweep" name="test_EmberSweep_092_596174a04f00aa3cdf08bcc4514bc41a" time="10.793627" timestamp="2021_0802_18:31:18.393445 utc"/>
		<testcase classname="testcase_EmberSweep" name="test_EmberSweep_093_6daed542a784105b137921db9bff88e0" time="9.244316" timestamp="2021_0802_18:31:29.189250 utc"/>
		<testcase classname="testcase_EmberSweep" name="test_EmberSweep_094_09140c7ca0bfdc4502c6b345bfc443d0" time="9.206696" timestamp="2021_0802_18:31:38.437769 utc"/>
		<testcase classname="testcase_EmberSweep" name="test_EmberSweep_095_ba990016e99403f7da9e02fee83776b1" time="9.155504" timestamp="2021_0802_18:31:47.648690 utc"/>
		<testcase classname="testcase_EmberSweep" name="test_EmberSweep_096_bca7566207bfe21653cb97734c903613" time="9.700964" timestamp="2021_0802_18:31:56.808438 utc"/>
		<testcase classname="testcase_EmberSweep" name="test_EmberSweep_097_2b8c519e111ea2074c8aeb141d0fc3c9" time="1.934675" timestamp="2021_0802_18:32:06.511566 utc"/>
		<testcase classname="testcase_EmberSweep" name="test_EmberSweep_098_3572aa54143ccd69cd7336e19e9f37c2" time="1.735249" timestamp="2021_0802_18:32:08.450443 utc"/>
		<testcase classname="testcase_EmberSweep" name="test_EmberSweep_099_c54b92ace9d2a4d0163657390a2eae5a" time="1.639066" timestamp="2021_0802_18:32:10.189955 utc"/>
		<testcase classname="testcase_EmberSweep" name="test_EmberSweep_100_66e3e3e11b2f0e4234f34344fe9fe2a4" time="1.635533" timestamp="2021_0802_18:32:11.833261 utc"/>
		<testcase classname="testcase_EmberSweep" name="test_EmberSweep_101_a4ec842644869eeca709b0efdfe2eb10" time="1.535819" timestamp="2021_0802_18:32:13.473054 utc"/>
		<testcase classname="testcase_EmberSweep" name="test_EmberSweep_102_f2145d7ed91eba4d4d7592dc58f99004" time="1.487652" timestamp="2021_0802_18:32:15.013116 utc"/>
		<testcase classname="testcase_EmberSweep" name="test_EmberSweep_103_d24b00c32a85c107660c99e318ec504c" time="1.485528" timestamp="2021_0802_18:32:16.504970 utc"/>
		<testcase classname="testcase_EmberSweep" name="test_EmberSweep_104_2a8905b9bbe905edf5f4b6e60d4a5f76" time="1.436886" timestamp="2021_0802_18:32:17.994704 utc"/>
		<testcase classname="testcase_EmberSweep" name="test_EmberSweep_105_14bf7e313f6020d7b4fcba866963009d" time="0.640005" timestamp="2021_0802_18:32:19.435885 utc"/>
		<testcase classname="testcase_EmberSweep" name="test_EmberSweep_106_0bd1a6668eb9631425a3042518af7c99" time="0.632400" timestamp="2021_0802_18:32:20.080162 utc"/>
		<testcase classname="testcase_EmberSweep" name="test_EmberSweep_107_58190ed78f0bd1bf204f0af55da8a628" time="0.589374" timestamp="2021_0802_18:32:20.716766 utc"/>
		<testcase classname="testcase_EmberSweep" name="test_EmberSweep_108_afb09a23da194b4800e993ef052497c0" time="0.583045" timestamp="2021_0802_18:32:21.310363 utc"/>
		<testcase classname="testcase_EmberSweep" name="test_EmberSweep_109_52692e0fabe6f7e883bf5fe25db6f28d" time="0.583201" timestamp="2021_0802_18:32:21.897632 utc"/>
		<testcase classname="testcase_EmberSweep" name="test_EmberSweep_110_2151fd8fd52ea2cdf407be1ea75fc714" time="0.586057" timestamp="2021_0802_18:32:22.485040 utc"/>
		<testcase classname="testcase_EmberSweep" name="test_EmberSweep_111_ca7dd241eb349fb3c4a8cc8c3f5881f2" time="0.586300" timestamp="2021_0802_18:32:23.075480 utc"/>
		<testcase classname="testcase_EmberSweep" name="test_EmberSweep_112_45a1ba82dd503d0f4a67f1f879cdaaf0" time="0.585308" timestamp="2021_0802_18:32:23.666001 utc"/>
		<testcase classname="testcase_EmberSweep" name="test_EmberSweep_113_702da30d93f3b948d8520570a850b598" time="0.484332" timestamp="2021_0802_18:32:24.255687 utc"/>
		<testcase classname="testcase_EmberSweep" name="test_EmberSweep_114_5b9852eb7eb1e65f275e30d8fa870855" time="0.484112" timestamp="2021_0802_18:32:24.744298 utc"/>
		<testcase classname="testcase_EmberSweep" name="test_EmberSweep_115_4ad22278b025ba626e6778f52a3ec421" time="0.483353" timestamp="2021_0802_18:32:25.232702 utc"/>
		<testcase classname="testcase_EmberSweep" name="test_EmberSweep_116_02dd72761b5dc0e44123a442ce30e53d" time="0.483923" timestamp="2021_0802_18:32:25.720341 utc"/>
		<testcase classname="testcase_EmberSweep" name="test_EmberSweep_117_b2dc2bc4ef1e2114f61d0fa7bee553c7" time="0.485673" timestamp="2021_0802_18:32:26.208573 utc"/>
		<testcase classname="testcase_EmberSweep" name="test_EmberSweep_118_1eaaab070feb10f178d4b15646e7bb23" time="0.535029" timestamp="2021_0802_18:32:26.698490 utc"/>
		<testcase classname="testcase_EmberSweep" name="test_EmberSweep_119_cc590dc6b4d13afff52ec490aed55e95" time="0.485260" timestamp="2021_0802_18:32:27.237806 utc"/>
		<testcase classname="testcase_EmberSweep" name="test_EmberSweep_120_d83aa9f05b2e4832734ad22083a4d9e9" time="0.484300" timestamp="2021_0802_18:32:27.727470 utc"/>
		<testcase classname="testcase_EmberSweep" name="test_EmberSweep_121_960312de39c728e28fca22b5983a3c40" time="7.402151" timestamp="2021_0802_18:32:28.216114 utc"/>
		<testcase classname="testcase_EmberSweep" name="test_EmberSweep_122_144d9bce36c713bed393b5bd62bf0aed" time="4.895337" timestamp="2021_0802_18:32:35.623011 utc"/>
		<testcase classname="testcase_EmberSweep" name="test_EmberSweep_123_c6e2db182577973f618cbf934efd6896" time="3.588803" timestamp="2021_0802_18:32:40.522586 utc"/>
		<testcase classname="testcase_EmberSweep" name="test_EmberSweep_124_546e93a9df1ce1dad6fff7bcb03649b5" time="3.590502" timestamp="2021_0802_18:32:44.115767 utc"/>
		<testcase classname="testcase_EmberSweep" name="test_EmberSweep_125_88bfc7de2eb0d43a909243344a5745c3" time="3.243900" timestamp="2021_0802_18:32:47.710493 utc"/>
		<testcase classname="testcase_EmberSweep" name="test_EmberSweep_126_a969c19f26cbf85639768d08213c4548" time="2.991396" timestamp="2021_0802_18:32:50.958626 utc"/>
		<testcase classname="testcase_EmberSweep" name="test_EmberSweep_127_26237ef50c2515b6f2f915a2acdc6ab6" time="2.787520" timestamp="2021_0802_18:32:53.954302 utc"/>
		<testcase classname="testcase_EmberSweep" name="test_EmberSweep_128_95123412ba2c8c9aae1450f981811652" time="2.790249" timestamp="2021_0802_18:32:56.746126 utc"/>
		<testcase classname="testcase_EmberSweep" name="test_EmberSweep_129_d68060dca621d24c9378d202c758d946" time="4.142495" timestamp="2021_0802_18:32:59.540636 utc"/>
		<testcase classname="testcase_EmberSweep" name="test_EmberSweep_130_b128e05840e08cd0cb4e2538b8042c89" time="2.890482" timestamp="2021_0802_18:33:03.687391 utc"/>
		<testcase classname="testcase_EmberSweep" name="test_EmberSweep_131_afec978ec8a1a2f772cde9da3e2cd517" time="4.142218" timestamp="2021_0802_18:33:06.582128 utc"/>
		<testcase classname="testcase_EmberSweep" name="test_EmberSweep_132_75e0edc6a556695151d7c1f407fe342e" time="2.887112" timestamp="2021_0802_18:33:10.728594 utc"/>
		<testcase classname="testcase_EmberSweep" name="test_EmberSweep_133_b2f26c9309a2bc32ed5c5e34fff2a378" time="2.739696" timestamp="2021_0802_18:33:13.620479 utc"/>
		<testcase classname="testcase_EmberSweep" name="test_EmberSweep_134_3c30fb54fe68b83f9f5cb5918a40ee7b" time="2.739551" timestamp="2021_0802_18:33:16.364439 utc"/>
		<testcase classname="testcase_EmberSweep" name="test_EmberSweep_135_aa05e71e67ea3b62c46b18dd4e51430d" time="2.736536" timestamp="2021_0802_18:33:19.108224 utc"/>
		<testcase classname="testcase_EmberSweep" name="test_EmberSweep_136_3c2e0bf34fca7c7fb56083dc54e451ad" time="2.740024" timestamp="2021_0802_18:33:21.848993 utc"/>
		<testcase classname="testcase_EmberSweep" name="test_EmberSweep_137_123a4c3c378cf1177ae1b47b060c708c" time="2.740242" timestamp="2021_0802_18:33:24.593245 utc"/>
		<testcase classname="testcase_EmberSweep" name="test_EmberSweep_138_bf7ab053912211e6896d568bcdfd10aa" time="2.739667" timestamp="2021_0802_18:33:27.337719 utc"/>
		<testcase classname="testcase_EmberSweep" name="test_EmberSweep_139_97003b14488611a1299d968feb1bd235" time="2.892066" timestamp="2021_0802_18:33:30.081663 utc"/>
		<testcase classname="testcase_EmberSweep" name="test_EmberSweep_140_9c77d45df8f8c8feb3f9a0fe4ca043a1" time="2.787989" timestamp="2021_0802_18:33:32.977966 utc"/>
		<testcase classname="testcase_EmberSweep" name="test_EmberSweep_141_928716c99feadfddf4d5b65e9db85e83" time="3.389141" timestamp="2021_0802_18:33:35.770220 utc"/>
		<testcase classname="testcase_EmberSweep" name="test_EmberSweep_142_98c8186b5b2117a1be2db5ee8ae069f5" time="2.788702" timestamp="2021_0802_18:33:39.163598 utc"/>
		<testcase classname="testcase_EmberSweep" name="test_EmberSweep_143_430292660aeb6663e0befbe7e41256b9" time="4.044994" timestamp="2021_0802_18:33:41.956578 utc"/>
		<testcase classname="testcase_EmberSweep" name="test_EmberSweep_144_20bdc1fe4a7ed9c54f0056ac6d7a14c9" time="3.639485" timestamp="2021_0802_18:33:46.005818 utc"/>
		<testcase classname="testcase_EmberSweep" name="test_EmberSweep_145_15062a8af08047a5b70214979bf4cec3" time="3.595190" timestamp="2021_0802_18:33:49.649528 utc"/>
		<testcase classname="testcase_EmberSweep" name="test_EmberSweep_146_3a18007001c1709fc1567ef196c9aba7" time="3.237190" timestamp="2021_0802_18:33:53.248787 utc"/>
		<testcase classname="testcase_EmberSweep" name="test_EmberSweep_147_549f079b03cd5a609e6a1168e710bd5d" time="2.993492" timestamp="2021_0802_18:33:56.490179 utc"/>
		<testcase classname="testcase_EmberSweep" name="test_EmberSweep_148_1f4b410cb8f5af0772192bf7f7050adb" time="3.037137" timestamp="2021_0802_18:33:59.487964 utc"/>
		<testcase classname="testcase_EmberSweep" name="test_EmberSweep_149_1c3bd562153153acccd729e64696e445" time="2.839816" timestamp="2021_0802_18:34:02.529338 utc"/>
		<testcase classname="testcase_EmberSweep" name="test_EmberSweep_150_b97b2a5e0fd3f06dfcd72d95b2488181" time="2.789869" timestamp="2021_0802_18:34:05.373418 utc"/>
		<testcase classname="testcase_EmberSweep" name="test_EmberSweep_151_03033421393efb8be58d34672e13fd3f" time="8.504529" timestamp="2021_0802_18:34:08.167687 utc"/>
		<testcase classname="testcase_EmberSweep" name="test_EmberSweep_152_5a1cc6c976586187734cb3e6ebc8d7a9" time="4.694620" timestamp="2021_0802_18:34:16.676853 utc"/>
		<testcase classname="testcase_EmberSweep" name="test_EmberSweep_153_0fe3640d46497610d39923c771d02b0e" time="1.387715" timestamp="2021_0802_18:34:21.376128 utc"/>
		<testcase classname="testcase_EmberSweep" name="test_EmberSweep_154_eb4bbc69f5056da416a98b5498a17758" time="1.388288" timestamp="2021_0802_18:34:22.768093 utc"/>
		<testcase classname="testcase_EmberSweep" name="test_EmberSweep_155_9a56acf61f8cb41abd2ef9d992fab265" time="1.936659" timestamp="2021_0802_18:34:24.160667 utc"/>
		<testcase classname="testcase_EmberSweep" name="test_EmberSweep_156_71a79e9341f52336016f3e640166f742" time="1.435457" timestamp="2021_0802_18:34:26.101546 utc"/>
		<testcase classname="testcase_EmberSweep" name="test_EmberSweep_157_783f0b47f8b1da8fc8754787a89af1b2" time="1.189542" timestamp="2021_0802_18:34:27.541229 utc"/>
		<testcase classname="testcase_EmberSweep" name="test_EmberSweep_158_bfa41255535167553230a76efa3adffc" time="1.181643" timestamp="2021_0802_18:34:28.735590 utc"/>
		<testcase classname="testcase_EmberSweep" name="test_EmberSweep_159_274f36afce6c63ab08b790c9df7bd8a1" time="1.537533" timestamp="2021_0802_18:34:29.921998 utc"/>
		<testcase classname="testcase_EmberSweep" name="test_EmberSweep_160_7fb74b470e0003d6431b3d5700fb1e8d" time="1.185137" timestamp="2021_0802_18:34:31.463798 utc"/>
		<testcase classname="testcase_EmberSweep" name="test_EmberSweep_161_77dae18aa1d7c5dfd7f65e702ad3c0ef" time="1.535564" timestamp="2021_0802_18:34:32.653226 utc"/>
		<testcase classname="testcase_EmberSweep" name="test_EmberSweep_162_e635898943264a6207d23f8e92e5dba6" time="1.186755" timestamp="2021_0802_18:34:34.193015 utc"/>
		<testcase classname="testcase_EmberSweep" name="test_EmberSweep_163_d84da4ef8961e17fa82dfb1867edc8d1" time="1.131844" timestamp="2021_0802_18:34:35.384072 utc"/>
		<testcase classname="testcase_EmberSweep" name="test_EmberSweep_164_f5e068cd615ceada1ed323d6e93eb5af" time="1.137045" timestamp="2021_0802_18:34:36.518112 utc"/>
		<testcase classname="testcase_EmberSweep" name="test_EmberSweep_165_0b6db9e57463474a5bd0eafc77fc234c" time="1.135155" timestamp="2021_0802_18:34:37.659476 utc"/>
		<testcase classname="testcase_EmberSweep" name="test_EmberSweep_166_1d477da8bf9f267fdb1a26fa0b2836ed" time="1.133821" timestamp="2021_0802_18:34:38.798845 utc"/>
		<testcase classname="testcase_EmberSweep" name="test_EmberSweep_167_8edfbae845ea349cd537399a29cc043b" time="1.134786" timestamp="2021_0802_18:34:39.936882 utc"/>
		<testcase classname="testcase_EmberSweep" name="test_EmberSweep_168_bf8269613a95b415529defa87050b4ae" time="1.140797" timestamp="2021_0802_18:34:41.075974 utc"/>
		<testcase classname="testcase_EmberSweep" name="test_EmberSweep_169_82cd2d3310510a9a1b26475fdb3be0bf" time="1.136158" timestamp="2021_0802_18:34:42.220983 utc"/>
		<testcase classname="testcase_EmberSweep" name="test_EmberSweep_170_80e9b04073e24f18f23025a73a80310d" time="1.184984" timestamp="2021_0802_18:34:43.361362 utc"/>
		<testcase classname="testcase_EmberSweep" name="test_EmberSweep_171_4e04f282a67e74cf609c8a77f5088d37" time="1.336041" timestamp="2021_0802_18:34:44.550563 utc"/>
		<testcase classname="testcase_EmberSweep" name="test_EmberSweep_172_0687436b776cff7aad631dfc1a6a2f42" time="1.133662" timestamp="2021_0802_18:34:45.890824 utc"/>
		<testcase classname="testcase_EmberSweep" name="test_EmberSweep_173_0b0be80af2a264a9366cbe8287368155" time="1.591415" timestamp="2021_0802_18:34:47.028702 utc"/>
		<testcase classname="testcase_EmberSweep" name="test_EmberSweep_174_9717021d7230870c51dff71755e13ca1" time="1.387645" timestamp="2021_0802_18:34:48.624340 utc"/>
		<testcase classname="testcase_EmberSweep" name="test_EmberSweep_175_5edb0bab5b2d7dba03cb1cc4a13b9d58" time="1.285004" timestamp="2021_0802_18:34:50.016270 utc"/>
		<testcase classname="testcase_EmberSweep" name="test_EmberSweep_176_ba5d8486ed790b347a7dc46882965434" time="1.284411" timestamp="2021_0802_18:34:51.305521 utc"/>
		<testcase classname="testcase_EmberSweep" name="test_EmberSweep_177_1ec0c4802a176a5119786f6048ecb2d1" time="1.183894" timestamp="2021_0802_18:34:52.594154 utc"/>
		<testcase classname="testcase_EmberSweep" name="test_EmberSweep_178_aec90581b96e99bff7f7acef01522084" time="1.186523" timestamp="2021_0802_18:34:53.782257 utc"/>
		<testcase classname="testcase_EmberSweep" name="test_EmberSweep_179_1776ea2e236b180f2b1468ce22a1d63d" time="1.186901" timestamp="2021_0802_18:34:54.972981 utc"/>
		<testcase classname="testcase_EmberSweep" name="test_EmberSweep_180_0bea0fe3d64d09836cf0dfa16f1cba1a" time="1.134389" timestamp="2021_0802_18:34:56.164160 utc"/>
	</testsuite>
</testsuites>
